     1                                  SECTION header vstart=0                     ;定义用户程序头部段 
     2                                      ; program_length  dd program_end          ;程序总长度[0x00]
     3                                      
     4                                      ;用户程序入口点
     5 00000000 [0000]                      code_entry      dw start                ;偏移地址[0x04]
     6 00000002 [00000000]                                  dd section.main.start ;段地址[0x06] 
     7                                      
     8 00000006 0300                        realloc_tbl_len dw (header_end-data_1_segment)/4 ;段重定位表项个数[0x0a]
     9                                      ;段重定位表           
    10 00000008 [00000000]                  data_1_segment  dd section.data1.start ;[0x0c]
    11 0000000C [00000000]                  data_2_segment  dd section.data2.start ;[0x10]
    12 00000010 [00000000]                  data_3_segment  dd section.data3.start ;[0x14]
    13                                      
    14                                      header_end:                
    15                                  
    16                                  section data1 align=16 vstart=0
    17 00000000 55F0                    lba db 0x55, 0xf0
    18                                  section data2 align=16 vstart=0
    19 00000000 0099                    lbb db 0x00, 0x99
    20 00000002 00F0                    lbc dw 0xf000
    21                                  section data3 align=16 vstart=0
    22 00000000 F0FFFCFF                lbd dw 0xfff0, 0xfffc
    23                                  
    24                                  section main align=16 vstart=0
    25                                  start:
    26 00000000 B8[0000]                    mov ax, lba
    27 00000003 B8[0000]                    mov ax, lbb
    28 00000006 B8[0200]                    mov ax, lbc
    29 00000009 B8[0000]                    mov ax, lbd
    30                                  
    31 0000000C EBFE                    jmp $
    32                                  
    33 0000000E 00<rept>                times (510-($-$$)) db 0
    34                                  
    35 000001FE 55AA                    db 0x55, 0xaa
